<?xml version="1.0" encoding="UTF-8"?>
<!-- Generated by org.testng.reporters.JUnitReportReporter -->
<testsuite hostname="DESKTOP-QE2KOS9" failures="0" tests="1" name="stepdefinition.Amazon1" time="4.774" errors="0" timestamp="2024-01-15T19:59:47 IST" skipped="0">
  <testcase classname="stepdefinition.Amazon1" name="user_launches_amazon_home_page" time="4.774"/>
  <system-out/>
</testsuite> <!-- stepdefinition.Amazon1 -->
